<?xml version="1.0" encoding="UTF-8"?>
<testsuite name="racingcar5.ApplicationTest" tests="2" skipped="0" failures="0" errors="0" timestamp="2023-10-03T22:20:08" hostname="jihyunMac.local" time="0.707">
  <properties/>
  <testcase name="이름에_대한_예외_처리()" classname="racingcar5.ApplicationTest" time="0.059"/>
  <testcase name="전진_정지()" classname="racingcar5.ApplicationTest" time="0.647"/>
  <system-out><![CDATA[경주할 자동차 이름을 입력하세요.(이름은 쉼표(,) 기준으로 구분)
시도할 회수는 몇회인가요?
No line found
[ERROR] - 5자 이하의 이름만 가능합니다.
경주할 자동차 이름을 입력하세요.(이름은 쉼표(,) 기준으로 구분)
시도할 회수는 몇회인가요?

실행 결과
pobi : -
woni : 


최종 우승자 : pobi
]]></system-out>
  <system-err><![CDATA[]]></system-err>
</testsuite>
